 # Detector n:            1   det1      
 # N. of energy intervals        1024
  0.000E+00  3.000E-06  9.996E-01  3.780E-03
  3.000E-06  6.000E-06  1.003E-06  3.774E+00
  6.000E-06  9.000E-06  1.006E-06  3.769E+00
  9.000E-06  1.200E-05  1.066E-06  3.661E+00
  1.200E-05  1.500E-05  1.070E-06  3.654E+00
  1.500E-05  1.800E-05  1.339E-06  3.267E+00
  1.800E-05  2.100E-05  1.564E-06  3.022E+00
  2.100E-05  2.400E-05  1.470E-06  3.117E+00
  2.400E-05  2.700E-05  2.679E-06  2.309E+00
  2.700E-05  3.000E-05  5.603E-06  1.597E+00
  3.000E-05  3.300E-05  1.483E-05  9.814E-01
  3.300E-05  3.600E-05  2.031E-06  2.652E+00
  3.600E-05  3.900E-05  3.419E-06  2.044E+00
  3.900E-05  4.200E-05  1.127E-06  3.560E+00
  4.200E-05  4.500E-05  1.054E-06  3.681E+00
  4.500E-05  4.800E-05  1.144E-06  3.533E+00
  4.800E-05  5.100E-05  1.170E-06  3.494E+00
  5.100E-05  5.400E-05  1.194E-06  3.459E+00
  5.400E-05  5.700E-05  1.189E-06  3.467E+00
  5.700E-05  6.000E-05  1.289E-06  3.330E+00
  6.000E-05  6.300E-05  1.234E-06  3.402E+00
  6.300E-05  6.600E-05  1.330E-06  3.277E+00
  6.600E-05  6.900E-05  1.366E-06  3.234E+00
  6.900E-05  7.200E-05  1.226E-06  3.414E+00
  7.200E-05  7.500E-05  2.099E-06  2.609E+00
  7.500E-05  7.800E-05  2.821E-06  2.250E+00
  7.800E-05  8.100E-05  1.284E-06  3.335E+00
  8.100E-05  8.400E-05  1.374E-06  3.224E+00
  8.400E-05  8.700E-05  2.099E-06  2.609E+00
  8.700E-05  9.000E-05  1.564E-06  3.022E+00
  9.000E-05  9.300E-05  1.414E-06  3.178E+00
  9.300E-05  9.600E-05  1.453E-06  3.136E+00
  9.600E-05  9.900E-05  1.429E-06  3.162E+00
  9.900E-05  1.020E-04  1.417E-06  3.175E+00
  1.020E-04  1.050E-04  1.437E-06  3.153E+00
  1.050E-04  1.080E-04  1.394E-06  3.201E+00
  1.080E-04  1.110E-04  1.537E-06  3.049E+00
  1.110E-04  1.140E-04  1.509E-06  3.077E+00
  1.140E-04  1.170E-04  1.521E-06  3.064E+00
  1.170E-04  1.200E-04  1.651E-06  2.941E+00
  1.200E-04  1.230E-04  1.621E-06  2.968E+00
  1.230E-04  1.260E-04  1.589E-06  2.999E+00
  1.260E-04  1.290E-04  1.506E-06  3.080E+00
  1.290E-04  1.320E-04  1.527E-06  3.059E+00
  1.320E-04  1.350E-04  1.597E-06  2.991E+00
  1.350E-04  1.380E-04  1.539E-06  3.047E+00
  1.380E-04  1.410E-04  1.460E-06  3.128E+00
  1.410E-04  1.440E-04  1.471E-06  3.116E+00
  1.440E-04  1.470E-04  1.571E-06  3.015E+00
  1.470E-04  1.500E-04  1.494E-06  3.092E+00
  1.500E-04  1.530E-04  1.566E-06  3.021E+00
  1.530E-04  1.560E-04  1.429E-06  3.162E+00
  1.560E-04  1.590E-04  1.444E-06  3.145E+00
  1.590E-04  1.620E-04  1.446E-06  3.143E+00
  1.620E-04  1.650E-04  1.397E-06  3.198E+00
  1.650E-04  1.680E-04  1.407E-06  3.186E+00
  1.680E-04  1.710E-04  1.437E-06  3.153E+00
  1.710E-04  1.740E-04  1.439E-06  3.151E+00
  1.740E-04  1.770E-04  1.429E-06  3.162E+00
  1.770E-04  1.800E-04  1.424E-06  3.167E+00
  1.800E-04  1.830E-04  1.486E-06  3.101E+00
  1.830E-04  1.860E-04  1.779E-06  2.834E+00
  1.860E-04  1.890E-04  2.084E-06  2.618E+00
  1.890E-04  1.920E-04  2.101E-06  2.607E+00
  1.920E-04  1.950E-04  2.144E-06  2.581E+00
  1.950E-04  1.980E-04  1.981E-06  2.685E+00
  1.980E-04  2.010E-04  2.017E-06  2.661E+00
  2.010E-04  2.040E-04  1.880E-06  2.757E+00
  2.040E-04  2.070E-04  1.917E-06  2.730E+00
  2.070E-04  2.100E-04  1.783E-06  2.831E+00
  2.100E-04  2.130E-04  1.810E-06  2.809E+00
  2.130E-04  2.160E-04  1.857E-06  2.774E+00
  2.160E-04  2.190E-04  1.736E-06  2.869E+00
  2.190E-04  2.220E-04  1.710E-06  2.890E+00
  2.220E-04  2.250E-04  1.690E-06  2.907E+00
  2.250E-04  2.280E-04  1.736E-06  2.869E+00
  2.280E-04  2.310E-04  1.593E-06  2.995E+00
  2.310E-04  2.340E-04  1.586E-06  3.002E+00
  2.340E-04  2.370E-04  1.554E-06  3.032E+00
  2.370E-04  2.400E-04  1.487E-06  3.099E+00
  2.400E-04  2.430E-04  1.560E-06  3.026E+00
  2.430E-04  2.460E-04  1.511E-06  3.074E+00
  2.460E-04  2.490E-04  1.469E-06  3.119E+00
  2.490E-04  2.520E-04  1.480E-06  3.107E+00
  2.520E-04  2.550E-04  1.510E-06  3.076E+00
  2.550E-04  2.580E-04  1.436E-06  3.154E+00
  2.580E-04  2.610E-04  1.459E-06  3.130E+00
  2.610E-04  2.640E-04  1.423E-06  3.169E+00
  2.640E-04  2.670E-04  1.390E-06  3.206E+00
  2.670E-04  2.700E-04  1.390E-06  3.206E+00
  2.700E-04  2.730E-04  1.424E-06  3.167E+00
  2.730E-04  2.760E-04  1.384E-06  3.212E+00
  2.760E-04  2.790E-04  1.367E-06  3.233E+00
  2.790E-04  2.820E-04  1.339E-06  3.267E+00
  2.820E-04  2.850E-04  1.360E-06  3.241E+00
  2.850E-04  2.880E-04  1.301E-06  3.313E+00
  2.880E-04  2.910E-04  1.346E-06  3.258E+00
  2.910E-04  2.940E-04  1.346E-06  3.258E+00
  2.940E-04  2.970E-04  1.310E-06  3.302E+00
  2.970E-04  3.000E-04  1.280E-06  3.341E+00
  3.000E-04  3.030E-04  1.286E-06  3.333E+00
  3.030E-04  3.060E-04  1.317E-06  3.293E+00
  3.060E-04  3.090E-04  1.199E-06  3.452E+00
  3.090E-04  3.120E-04  1.289E-06  3.330E+00
  3.120E-04  3.150E-04  1.319E-06  3.292E+00
  3.150E-04  3.180E-04  1.257E-06  3.371E+00
  3.180E-04  3.210E-04  1.277E-06  3.345E+00
  3.210E-04  3.240E-04  1.257E-06  3.371E+00
  3.240E-04  3.270E-04  1.206E-06  3.442E+00
  3.270E-04  3.300E-04  1.244E-06  3.388E+00
  3.300E-04  3.330E-04  1.219E-06  3.424E+00
  3.330E-04  3.360E-04  1.254E-06  3.375E+00
  3.360E-04  3.390E-04  1.297E-06  3.319E+00
  3.390E-04  3.420E-04  1.186E-06  3.471E+00
  3.420E-04  3.450E-04  1.214E-06  3.430E+00
  3.450E-04  3.480E-04  1.294E-06  3.322E+00
  3.480E-04  3.510E-04  1.159E-06  3.511E+00
  3.510E-04  3.540E-04  1.096E-06  3.611E+00
  3.540E-04  3.570E-04  1.187E-06  3.469E+00
  3.570E-04  3.600E-04  1.311E-06  3.300E+00
  3.600E-04  3.630E-04  1.263E-06  3.363E+00
  3.630E-04  3.660E-04  1.191E-06  3.463E+00
  3.660E-04  3.690E-04  1.130E-06  3.556E+00
  3.690E-04  3.720E-04  1.164E-06  3.503E+00
  3.720E-04  3.750E-04  1.197E-06  3.454E+00
  3.750E-04  3.780E-04  1.241E-06  3.392E+00
  3.780E-04  3.810E-04  1.167E-06  3.499E+00
  3.810E-04  3.840E-04  1.249E-06  3.383E+00
  3.840E-04  3.870E-04  1.240E-06  3.394E+00
  3.870E-04  3.900E-04  1.207E-06  3.440E+00
  3.900E-04  3.930E-04  1.200E-06  3.450E+00
  3.930E-04  3.960E-04  1.213E-06  3.432E+00
  3.960E-04  3.990E-04  1.220E-06  3.422E+00
  3.990E-04  4.020E-04  1.194E-06  3.459E+00
  4.020E-04  4.050E-04  1.153E-06  3.520E+00
  4.050E-04  4.080E-04  1.186E-06  3.471E+00
  4.080E-04  4.110E-04  1.264E-06  3.361E+00
  4.110E-04  4.140E-04  1.223E-06  3.418E+00
  4.140E-04  4.170E-04  1.296E-06  3.320E+00
  4.170E-04  4.200E-04  1.187E-06  3.469E+00
  4.200E-04  4.230E-04  1.236E-06  3.400E+00
  4.230E-04  4.260E-04  1.249E-06  3.383E+00
  4.260E-04  4.290E-04  1.253E-06  3.377E+00
  4.290E-04  4.320E-04  1.274E-06  3.348E+00
  4.320E-04  4.350E-04  1.257E-06  3.371E+00
  4.350E-04  4.380E-04  1.240E-06  3.394E+00
  4.380E-04  4.410E-04  1.213E-06  3.432E+00
  4.410E-04  4.440E-04  1.221E-06  3.420E+00
  4.440E-04  4.470E-04  1.293E-06  3.324E+00
  4.470E-04  4.500E-04  1.304E-06  3.310E+00
  4.500E-04  4.530E-04  1.356E-06  3.246E+00
  4.530E-04  4.560E-04  1.299E-06  3.317E+00
  4.560E-04  4.590E-04  1.329E-06  3.279E+00
  4.590E-04  4.620E-04  1.351E-06  3.251E+00
  4.620E-04  4.650E-04  1.337E-06  3.269E+00
  4.650E-04  4.680E-04  1.361E-06  3.239E+00
  4.680E-04  4.710E-04  1.356E-06  3.246E+00
  4.710E-04  4.740E-04  1.337E-06  3.269E+00
  4.740E-04  4.770E-04  1.309E-06  3.304E+00
  4.770E-04  4.800E-04  8.243E-07  4.163E+00
  4.800E-04  4.830E-04  7.000E-07  4.518E+00
  4.830E-04  4.860E-04  6.600E-07  4.652E+00
  4.860E-04  4.890E-04  6.529E-07  4.678E+00
  4.890E-04  4.920E-04  6.514E-07  4.683E+00
  4.920E-04  4.950E-04  6.043E-07  4.862E+00
  4.950E-04  4.980E-04  6.114E-07  4.834E+00
  4.980E-04  5.010E-04  5.986E-07  4.885E+00
  5.010E-04  5.040E-04  6.100E-07  4.839E+00
  5.040E-04  5.070E-04  5.786E-07  4.969E+00
  5.070E-04  5.100E-04  5.329E-07  5.178E+00
  5.100E-04  5.130E-04  5.971E-07  4.891E+00
  5.130E-04  5.160E-04  5.329E-07  5.178E+00
  5.160E-04  5.190E-04  5.229E-07  5.227E+00
  5.190E-04  5.220E-04  5.029E-07  5.330E+00
  5.220E-04  5.250E-04  4.929E-07  5.384E+00
  5.250E-04  5.280E-04  5.486E-07  5.103E+00
  5.280E-04  5.310E-04  5.629E-07  5.038E+00
  5.310E-04  5.340E-04  4.743E-07  5.488E+00
  5.340E-04  5.370E-04  5.114E-07  5.285E+00
  5.370E-04  5.400E-04  4.714E-07  5.505E+00
  5.400E-04  5.430E-04  4.271E-07  5.783E+00
  5.430E-04  5.460E-04  4.557E-07  5.599E+00
  5.460E-04  5.490E-04  4.786E-07  5.464E+00
  5.490E-04  5.520E-04  4.286E-07  5.774E+00
  5.520E-04  5.550E-04  4.729E-07  5.496E+00
  5.550E-04  5.580E-04  4.314E-07  5.754E+00
  5.580E-04  5.610E-04  4.114E-07  5.893E+00
  5.610E-04  5.640E-04  4.086E-07  5.913E+00
  5.640E-04  5.670E-04  4.029E-07  5.955E+00
  5.670E-04  5.700E-04  4.186E-07  5.842E+00
  5.700E-04  5.730E-04  4.129E-07  5.882E+00
  5.730E-04  5.760E-04  4.329E-07  5.745E+00
  5.760E-04  5.790E-04  3.929E-07  6.030E+00
  5.790E-04  5.820E-04  3.671E-07  6.238E+00
  5.820E-04  5.850E-04  4.157E-07  5.862E+00
  5.850E-04  5.880E-04  4.186E-07  5.842E+00
  5.880E-04  5.910E-04  3.900E-07  6.052E+00
  5.910E-04  5.940E-04  3.657E-07  6.250E+00
  5.940E-04  5.970E-04  4.386E-07  5.707E+00
  5.970E-04  6.000E-04  3.857E-07  6.086E+00
  6.000E-04  6.030E-04  4.086E-07  5.913E+00
  6.030E-04  6.060E-04  3.886E-07  6.063E+00
  6.060E-04  6.090E-04  3.543E-07  6.350E+00
  6.090E-04  6.120E-04  4.243E-07  5.803E+00
  6.120E-04  6.150E-04  3.871E-07  6.075E+00
  6.150E-04  6.180E-04  4.286E-07  5.774E+00
  6.180E-04  6.210E-04  3.729E-07  6.190E+00
  6.210E-04  6.240E-04  4.343E-07  5.735E+00
  6.240E-04  6.270E-04  5.100E-07  5.293E+00
  6.270E-04  6.300E-04  4.486E-07  5.643E+00
  6.300E-04  6.330E-04  4.014E-07  5.965E+00
  6.330E-04  6.360E-04  3.943E-07  6.019E+00
  6.360E-04  6.390E-04  3.543E-07  6.350E+00
  6.390E-04  6.420E-04  3.786E-07  6.143E+00
  6.420E-04  6.450E-04  3.329E-07  6.551E+00
  6.450E-04  6.480E-04  3.829E-07  6.108E+00
  6.480E-04  6.510E-04  3.986E-07  5.987E+00
  6.510E-04  6.540E-04  3.871E-07  6.075E+00
  6.540E-04  6.570E-04  3.529E-07  6.363E+00
  6.570E-04  6.600E-04  3.714E-07  6.202E+00
  6.600E-04  6.630E-04  1.014E-04  3.754E-01
  6.630E-04  6.660E-04  8.571E-09  4.082E+01
  6.660E-04  6.690E-04  2.857E-09  7.071E+01
  6.690E-04  6.720E-04  8.571E-09  4.082E+01
  6.720E-04  6.750E-04  1.429E-09  1.000E+02
  6.750E-04  6.780E-04  4.286E-09  5.774E+01
  6.780E-04  6.810E-04  2.857E-09  7.071E+01
  6.810E-04  6.840E-04  4.286E-09  5.774E+01
  6.840E-04  6.870E-04  1.429E-09  1.000E+02
  6.870E-04  6.900E-04  1.143E-08  3.536E+01
  6.900E-04  6.930E-04  2.857E-09  7.071E+01
  6.930E-04  6.960E-04  1.429E-09  1.000E+02
  6.960E-04  6.990E-04  5.714E-09  5.000E+01
  6.990E-04  7.020E-04  1.429E-09  1.000E+02
  7.020E-04  7.050E-04  1.429E-09  1.000E+02
  7.050E-04  7.080E-04  0.000E+00  1.000E+02
  7.080E-04  7.110E-04  1.000E-08  3.780E+01
  7.110E-04  7.140E-04  1.429E-09  1.000E+02
  7.140E-04  7.170E-04  2.857E-09  7.071E+01
  7.170E-04  7.200E-04  4.286E-09  5.774E+01
  7.200E-04  7.230E-04  7.143E-09  4.472E+01
  7.230E-04  7.260E-04  4.286E-09  5.774E+01
  7.260E-04  7.290E-04  1.429E-09  1.000E+02
  7.290E-04  7.320E-04  0.000E+00  1.000E+02
  7.320E-04  7.350E-04  2.857E-09  7.071E+01
  7.350E-04  7.380E-04  2.857E-09  7.071E+01
  7.380E-04  7.410E-04  2.857E-09  7.071E+01
  7.410E-04  7.440E-04  1.429E-09  1.000E+02
  7.440E-04  7.470E-04  5.714E-09  5.000E+01
  7.470E-04  7.500E-04  2.857E-09  7.071E+01
  7.500E-04  7.530E-04  5.714E-09  5.000E+01
  7.530E-04  7.560E-04  1.429E-09  1.000E+02
  7.560E-04  7.590E-04  1.429E-09  1.000E+02
  7.590E-04  7.620E-04  1.429E-09  1.000E+02
  7.620E-04  7.650E-04  2.857E-09  7.071E+01
  7.650E-04  7.680E-04  1.429E-09  1.000E+02
  7.680E-04  7.710E-04  2.857E-09  7.071E+01
  7.710E-04  7.740E-04  1.429E-09  1.000E+02
  7.740E-04  7.770E-04  0.000E+00  1.000E+02
  7.770E-04  7.800E-04  4.286E-09  5.774E+01
  7.800E-04  7.830E-04  0.000E+00  1.000E+02
  7.830E-04  7.860E-04  0.000E+00  1.000E+02
  7.860E-04  7.890E-04  4.286E-09  5.774E+01
  7.890E-04  7.920E-04  2.857E-09  7.071E+01
  7.920E-04  7.950E-04  4.286E-09  5.774E+01
  7.950E-04  7.980E-04  2.857E-09  7.071E+01
  7.980E-04  8.010E-04  1.429E-09  1.000E+02
  8.010E-04  8.040E-04  1.429E-09  1.000E+02
  8.040E-04  8.070E-04  4.286E-09  5.774E+01
  8.070E-04  8.100E-04  2.857E-09  7.071E+01
  8.100E-04  8.130E-04  1.429E-09  1.000E+02
  8.130E-04  8.160E-04  1.429E-09  1.000E+02
  8.160E-04  8.190E-04  2.857E-09  7.071E+01
  8.190E-04  8.220E-04  0.000E+00  1.000E+02
  8.220E-04  8.250E-04  1.429E-09  1.000E+02
  8.250E-04  8.280E-04  1.429E-09  1.000E+02
  8.280E-04  8.310E-04  2.857E-09  7.071E+01
  8.310E-04  8.340E-04  2.857E-09  7.071E+01
  8.340E-04  8.370E-04  1.429E-09  1.000E+02
  8.370E-04  8.400E-04  0.000E+00  1.000E+02
  8.400E-04  8.430E-04  1.429E-09  1.000E+02
  8.430E-04  8.460E-04  1.429E-09  1.000E+02
  8.460E-04  8.490E-04  1.429E-09  1.000E+02
  8.490E-04  8.520E-04  2.857E-09  7.071E+01
  8.520E-04  8.550E-04  0.000E+00  1.000E+02
  8.550E-04  8.580E-04  1.429E-09  1.000E+02
  8.580E-04  8.610E-04  0.000E+00  1.000E+02
  8.610E-04  8.640E-04  1.429E-09  1.000E+02
  8.640E-04  8.670E-04  1.429E-09  1.000E+02
  8.670E-04  8.700E-04  2.857E-09  7.071E+01
  8.700E-04  8.730E-04  2.857E-09  7.071E+01
  8.730E-04  8.760E-04  0.000E+00  1.000E+02
  8.760E-04  8.790E-04  2.857E-09  7.071E+01
  8.790E-04  8.820E-04  0.000E+00  1.000E+02
  8.820E-04  8.850E-04  0.000E+00  1.000E+02
  8.850E-04  8.880E-04  2.857E-09  7.071E+01
  8.880E-04  8.910E-04  4.286E-09  5.774E+01
  8.910E-04  8.940E-04  4.286E-09  5.774E+01
  8.940E-04  8.970E-04  1.429E-09  1.000E+02
  8.970E-04  9.000E-04  1.429E-09  1.000E+02
  9.000E-04  9.030E-04  0.000E+00  1.000E+02
  9.030E-04  9.060E-04  1.429E-09  1.000E+02
  9.060E-04  9.090E-04  1.429E-09  1.000E+02
  9.090E-04  9.120E-04  0.000E+00  1.000E+02
  9.120E-04  9.150E-04  2.857E-09  7.071E+01
  9.150E-04  9.180E-04  0.000E+00  1.000E+02
  9.180E-04  9.210E-04  0.000E+00  1.000E+02
  9.210E-04  9.240E-04  1.429E-09  1.000E+02
  9.240E-04  9.270E-04  0.000E+00  1.000E+02
  9.270E-04  9.300E-04  1.429E-09  1.000E+02
  9.300E-04  9.330E-04  1.429E-09  1.000E+02
  9.330E-04  9.360E-04  0.000E+00  1.000E+02
  9.360E-04  9.390E-04  0.000E+00  1.000E+02
  9.390E-04  9.420E-04  1.429E-09  1.000E+02
  9.420E-04  9.450E-04  1.429E-09  1.000E+02
  9.450E-04  9.480E-04  0.000E+00  1.000E+02
  9.480E-04  9.510E-04  1.429E-09  1.000E+02
  9.510E-04  9.540E-04  1.429E-09  1.000E+02
  9.540E-04  9.570E-04  0.000E+00  1.000E+02
  9.570E-04  9.600E-04  1.429E-09  1.000E+02
  9.600E-04  9.630E-04  0.000E+00  1.000E+02
  9.630E-04  9.660E-04  0.000E+00  1.000E+02
  9.660E-04  9.690E-04  1.429E-09  1.000E+02
  9.690E-04  9.720E-04  1.429E-09  1.000E+02
  9.720E-04  9.750E-04  0.000E+00  1.000E+02
  9.750E-04  9.780E-04  1.429E-09  1.000E+02
  9.780E-04  9.810E-04  0.000E+00  1.000E+02
  9.810E-04  9.840E-04  1.429E-09  1.000E+02
  9.840E-04  9.870E-04  0.000E+00  1.000E+02
  9.870E-04  9.900E-04  0.000E+00  1.000E+02
  9.900E-04  9.930E-04  0.000E+00  1.000E+02
  9.930E-04  9.960E-04  2.857E-09  7.071E+01
  9.960E-04  9.990E-04  1.429E-09  1.000E+02
  9.990E-04  1.002E-03  0.000E+00  1.000E+02
  1.002E-03  1.005E-03  1.429E-09  1.000E+02
  1.005E-03  1.008E-03  0.000E+00  1.000E+02
  1.008E-03  1.011E-03  1.429E-09  1.000E+02
  1.011E-03  1.014E-03  1.429E-09  1.000E+02
  1.014E-03  1.017E-03  0.000E+00  1.000E+02
  1.017E-03  1.020E-03  1.429E-09  1.000E+02
  1.020E-03  1.023E-03  1.429E-09  1.000E+02
  1.023E-03  1.026E-03  1.429E-09  1.000E+02
  1.026E-03  1.029E-03  1.429E-09  1.000E+02
  1.029E-03  1.032E-03  1.429E-09  1.000E+02
  1.032E-03  1.035E-03  0.000E+00  1.000E+02
  1.035E-03  1.038E-03  0.000E+00  1.000E+02
  1.038E-03  1.041E-03  0.000E+00  1.000E+02
  1.041E-03  1.044E-03  0.000E+00  1.000E+02
  1.044E-03  1.047E-03  0.000E+00  1.000E+02
  1.047E-03  1.050E-03  0.000E+00  1.000E+02
  1.050E-03  1.053E-03  0.000E+00  1.000E+02
  1.053E-03  1.056E-03  0.000E+00  1.000E+02
  1.056E-03  1.059E-03  0.000E+00  1.000E+02
  1.059E-03  1.062E-03  1.429E-09  1.000E+02
  1.062E-03  1.065E-03  0.000E+00  1.000E+02
  1.065E-03  1.068E-03  0.000E+00  1.000E+02
  1.068E-03  1.071E-03  2.857E-09  7.071E+01
  1.071E-03  1.074E-03  1.429E-09  1.000E+02
  1.074E-03  1.077E-03  1.429E-09  1.000E+02
  1.077E-03  1.080E-03  0.000E+00  1.000E+02
  1.080E-03  1.083E-03  0.000E+00  1.000E+02
  1.083E-03  1.086E-03  0.000E+00  1.000E+02
  1.086E-03  1.089E-03  0.000E+00  1.000E+02
  1.089E-03  1.092E-03  0.000E+00  1.000E+02
  1.092E-03  1.095E-03  0.000E+00  1.000E+02
  1.095E-03  1.098E-03  0.000E+00  1.000E+02
  1.098E-03  1.101E-03  0.000E+00  1.000E+02
  1.101E-03  1.104E-03  1.429E-09  1.000E+02
  1.104E-03  1.107E-03  0.000E+00  1.000E+02
  1.107E-03  1.110E-03  0.000E+00  1.000E+02
  1.110E-03  1.113E-03  1.429E-09  1.000E+02
  1.113E-03  1.116E-03  1.429E-09  1.000E+02
  1.116E-03  1.119E-03  0.000E+00  1.000E+02
  1.119E-03  1.122E-03  1.429E-09  1.000E+02
  1.122E-03  1.125E-03  1.429E-09  1.000E+02
  1.125E-03  1.128E-03  1.429E-09  1.000E+02
  1.128E-03  1.131E-03  0.000E+00  1.000E+02
  1.131E-03  1.134E-03  0.000E+00  1.000E+02
  1.134E-03  1.137E-03  0.000E+00  1.000E+02
  1.137E-03  1.140E-03  1.429E-09  1.000E+02
  1.140E-03  1.143E-03  1.429E-09  1.000E+02
  1.143E-03  1.146E-03  0.000E+00  1.000E+02
  1.146E-03  1.149E-03  0.000E+00  1.000E+02
  1.149E-03  1.152E-03  0.000E+00  1.000E+02
  1.152E-03  1.155E-03  1.429E-09  1.000E+02
  1.155E-03  1.158E-03  0.000E+00  1.000E+02
  1.158E-03  1.161E-03  0.000E+00  1.000E+02
  1.161E-03  1.164E-03  0.000E+00  1.000E+02
  1.164E-03  1.167E-03  0.000E+00  1.000E+02
  1.167E-03  1.170E-03  0.000E+00  1.000E+02
  1.170E-03  1.173E-03  0.000E+00  1.000E+02
  1.173E-03  1.176E-03  0.000E+00  1.000E+02
  1.176E-03  1.179E-03  0.000E+00  1.000E+02
  1.179E-03  1.182E-03  0.000E+00  1.000E+02
  1.182E-03  1.185E-03  1.429E-09  1.000E+02
  1.185E-03  1.188E-03  0.000E+00  1.000E+02
  1.188E-03  1.191E-03  0.000E+00  1.000E+02
  1.191E-03  1.194E-03  0.000E+00  1.000E+02
  1.194E-03  1.197E-03  0.000E+00  1.000E+02
  1.197E-03  1.200E-03  0.000E+00  1.000E+02
  1.200E-03  1.203E-03  0.000E+00  1.000E+02
  1.203E-03  1.206E-03  0.000E+00  1.000E+02
  1.206E-03  1.209E-03  0.000E+00  1.000E+02
  1.209E-03  1.212E-03  0.000E+00  1.000E+02
  1.212E-03  1.215E-03  1.429E-09  1.000E+02
  1.215E-03  1.218E-03  0.000E+00  1.000E+02
  1.218E-03  1.221E-03  1.429E-09  1.000E+02
  1.221E-03  1.224E-03  0.000E+00  1.000E+02
  1.224E-03  1.227E-03  0.000E+00  1.000E+02
  1.227E-03  1.230E-03  0.000E+00  1.000E+02
  1.230E-03  1.233E-03  1.429E-09  1.000E+02
  1.233E-03  1.236E-03  0.000E+00  1.000E+02
  1.236E-03  1.239E-03  2.857E-09  7.071E+01
  1.239E-03  1.242E-03  1.429E-09  1.000E+02
  1.242E-03  1.245E-03  0.000E+00  1.000E+02
  1.245E-03  1.248E-03  0.000E+00  1.000E+02
  1.248E-03  1.251E-03  1.429E-09  1.000E+02
  1.251E-03  1.254E-03  0.000E+00  1.000E+02
  1.254E-03  1.257E-03  0.000E+00  1.000E+02
  1.257E-03  1.260E-03  0.000E+00  1.000E+02
  1.260E-03  1.263E-03  0.000E+00  1.000E+02
  1.263E-03  1.266E-03  0.000E+00  1.000E+02
  1.266E-03  1.269E-03  0.000E+00  1.000E+02
  1.269E-03  1.272E-03  0.000E+00  1.000E+02
  1.272E-03  1.275E-03  2.857E-09  7.071E+01
  1.275E-03  1.278E-03  0.000E+00  1.000E+02
  1.278E-03  1.281E-03  0.000E+00  1.000E+02
  1.281E-03  1.284E-03  0.000E+00  1.000E+02
  1.284E-03  1.287E-03  0.000E+00  1.000E+02
  1.287E-03  1.290E-03  0.000E+00  1.000E+02
  1.290E-03  1.293E-03  0.000E+00  1.000E+02
  1.293E-03  1.296E-03  0.000E+00  1.000E+02
  1.296E-03  1.299E-03  0.000E+00  1.000E+02
  1.299E-03  1.302E-03  0.000E+00  1.000E+02
  1.302E-03  1.305E-03  0.000E+00  1.000E+02
  1.305E-03  1.308E-03  0.000E+00  1.000E+02
  1.308E-03  1.311E-03  0.000E+00  1.000E+02
  1.311E-03  1.314E-03  0.000E+00  1.000E+02
  1.314E-03  1.317E-03  0.000E+00  1.000E+02
  1.317E-03  1.320E-03  0.000E+00  1.000E+02
  1.320E-03  1.323E-03  0.000E+00  1.000E+02
  1.323E-03  1.326E-03  0.000E+00  1.000E+02
  1.326E-03  1.329E-03  0.000E+00  1.000E+02
  1.329E-03  1.332E-03  1.429E-09  1.000E+02
  1.332E-03  1.335E-03  1.429E-09  1.000E+02
  1.335E-03  1.338E-03  0.000E+00  1.000E+02
  1.338E-03  1.341E-03  0.000E+00  1.000E+02
  1.341E-03  1.344E-03  1.429E-09  1.000E+02
  1.344E-03  1.347E-03  0.000E+00  1.000E+02
  1.347E-03  1.350E-03  0.000E+00  1.000E+02
  1.350E-03  1.353E-03  0.000E+00  1.000E+02
  1.353E-03  1.356E-03  0.000E+00  1.000E+02
  1.356E-03  1.359E-03  0.000E+00  1.000E+02
  1.359E-03  1.362E-03  0.000E+00  1.000E+02
  1.362E-03  1.365E-03  0.000E+00  1.000E+02
  1.365E-03  1.368E-03  0.000E+00  1.000E+02
  1.368E-03  1.371E-03  0.000E+00  1.000E+02
  1.371E-03  1.374E-03  0.000E+00  1.000E+02
  1.374E-03  1.377E-03  0.000E+00  1.000E+02
  1.377E-03  1.380E-03  0.000E+00  1.000E+02
  1.380E-03  1.383E-03  0.000E+00  1.000E+02
  1.383E-03  1.386E-03  0.000E+00  1.000E+02
  1.386E-03  1.389E-03  0.000E+00  1.000E+02
  1.389E-03  1.392E-03  0.000E+00  1.000E+02
  1.392E-03  1.395E-03  0.000E+00  1.000E+02
  1.395E-03  1.398E-03  0.000E+00  1.000E+02
  1.398E-03  1.401E-03  0.000E+00  1.000E+02
  1.401E-03  1.404E-03  0.000E+00  1.000E+02
  1.404E-03  1.407E-03  0.000E+00  1.000E+02
  1.407E-03  1.410E-03  0.000E+00  1.000E+02
  1.410E-03  1.413E-03  0.000E+00  1.000E+02
  1.413E-03  1.416E-03  0.000E+00  1.000E+02
  1.416E-03  1.419E-03  0.000E+00  1.000E+02
  1.419E-03  1.422E-03  0.000E+00  1.000E+02
  1.422E-03  1.425E-03  0.000E+00  1.000E+02
  1.425E-03  1.428E-03  0.000E+00  1.000E+02
  1.428E-03  1.431E-03  0.000E+00  1.000E+02
  1.431E-03  1.434E-03  0.000E+00  1.000E+02
  1.434E-03  1.437E-03  0.000E+00  1.000E+02
  1.437E-03  1.440E-03  0.000E+00  1.000E+02
  1.440E-03  1.443E-03  0.000E+00  1.000E+02
  1.443E-03  1.446E-03  0.000E+00  1.000E+02
  1.446E-03  1.449E-03  0.000E+00  1.000E+02
  1.449E-03  1.452E-03  0.000E+00  1.000E+02
  1.452E-03  1.455E-03  0.000E+00  1.000E+02
  1.455E-03  1.458E-03  0.000E+00  1.000E+02
  1.458E-03  1.461E-03  0.000E+00  1.000E+02
  1.461E-03  1.464E-03  0.000E+00  1.000E+02
  1.464E-03  1.467E-03  0.000E+00  1.000E+02
  1.467E-03  1.470E-03  0.000E+00  1.000E+02
  1.470E-03  1.473E-03  0.000E+00  1.000E+02
  1.473E-03  1.476E-03  0.000E+00  1.000E+02
  1.476E-03  1.479E-03  0.000E+00  1.000E+02
  1.479E-03  1.482E-03  0.000E+00  1.000E+02
  1.482E-03  1.485E-03  0.000E+00  1.000E+02
  1.485E-03  1.488E-03  0.000E+00  1.000E+02
  1.488E-03  1.491E-03  0.000E+00  1.000E+02
  1.491E-03  1.494E-03  0.000E+00  1.000E+02
  1.494E-03  1.497E-03  0.000E+00  1.000E+02
  1.497E-03  1.500E-03  0.000E+00  1.000E+02
  1.500E-03  1.503E-03  0.000E+00  1.000E+02
  1.503E-03  1.506E-03  0.000E+00  1.000E+02
  1.506E-03  1.509E-03  0.000E+00  1.000E+02
  1.509E-03  1.512E-03  0.000E+00  1.000E+02
  1.512E-03  1.515E-03  0.000E+00  1.000E+02
  1.515E-03  1.518E-03  0.000E+00  1.000E+02
  1.518E-03  1.521E-03  0.000E+00  1.000E+02
  1.521E-03  1.524E-03  0.000E+00  1.000E+02
  1.524E-03  1.527E-03  0.000E+00  1.000E+02
  1.527E-03  1.530E-03  0.000E+00  1.000E+02
  1.530E-03  1.533E-03  0.000E+00  1.000E+02
  1.533E-03  1.536E-03  0.000E+00  1.000E+02
  1.536E-03  1.539E-03  0.000E+00  1.000E+02
  1.539E-03  1.542E-03  0.000E+00  1.000E+02
  1.542E-03  1.545E-03  0.000E+00  1.000E+02
  1.545E-03  1.548E-03  0.000E+00  1.000E+02
  1.548E-03  1.551E-03  0.000E+00  1.000E+02
  1.551E-03  1.554E-03  0.000E+00  1.000E+02
  1.554E-03  1.557E-03  0.000E+00  1.000E+02
  1.557E-03  1.560E-03  0.000E+00  1.000E+02
  1.560E-03  1.563E-03  0.000E+00  1.000E+02
  1.563E-03  1.566E-03  0.000E+00  1.000E+02
  1.566E-03  1.569E-03  0.000E+00  1.000E+02
  1.569E-03  1.572E-03  0.000E+00  1.000E+02
  1.572E-03  1.575E-03  0.000E+00  1.000E+02
  1.575E-03  1.578E-03  0.000E+00  1.000E+02
  1.578E-03  1.581E-03  0.000E+00  1.000E+02
  1.581E-03  1.584E-03  0.000E+00  1.000E+02
  1.584E-03  1.587E-03  0.000E+00  1.000E+02
  1.587E-03  1.590E-03  0.000E+00  1.000E+02
  1.590E-03  1.593E-03  0.000E+00  1.000E+02
  1.593E-03  1.596E-03  0.000E+00  1.000E+02
  1.596E-03  1.599E-03  0.000E+00  1.000E+02
  1.599E-03  1.602E-03  0.000E+00  1.000E+02
  1.602E-03  1.605E-03  0.000E+00  1.000E+02
  1.605E-03  1.608E-03  0.000E+00  1.000E+02
  1.608E-03  1.611E-03  0.000E+00  1.000E+02
  1.611E-03  1.614E-03  0.000E+00  1.000E+02
  1.614E-03  1.617E-03  0.000E+00  1.000E+02
  1.617E-03  1.620E-03  0.000E+00  1.000E+02
  1.620E-03  1.623E-03  0.000E+00  1.000E+02
  1.623E-03  1.626E-03  0.000E+00  1.000E+02
  1.626E-03  1.629E-03  0.000E+00  1.000E+02
  1.629E-03  1.632E-03  0.000E+00  1.000E+02
  1.632E-03  1.635E-03  0.000E+00  1.000E+02
  1.635E-03  1.638E-03  0.000E+00  1.000E+02
  1.638E-03  1.641E-03  0.000E+00  1.000E+02
  1.641E-03  1.644E-03  0.000E+00  1.000E+02
  1.644E-03  1.647E-03  0.000E+00  1.000E+02
  1.647E-03  1.650E-03  0.000E+00  1.000E+02
  1.650E-03  1.653E-03  0.000E+00  1.000E+02
  1.653E-03  1.656E-03  0.000E+00  1.000E+02
  1.656E-03  1.659E-03  0.000E+00  1.000E+02
  1.659E-03  1.662E-03  0.000E+00  1.000E+02
  1.662E-03  1.665E-03  0.000E+00  1.000E+02
  1.665E-03  1.668E-03  0.000E+00  1.000E+02
  1.668E-03  1.671E-03  0.000E+00  1.000E+02
  1.671E-03  1.674E-03  0.000E+00  1.000E+02
  1.674E-03  1.677E-03  0.000E+00  1.000E+02
  1.677E-03  1.680E-03  0.000E+00  1.000E+02
  1.680E-03  1.683E-03  0.000E+00  1.000E+02
  1.683E-03  1.686E-03  0.000E+00  1.000E+02
  1.686E-03  1.689E-03  0.000E+00  1.000E+02
  1.689E-03  1.692E-03  0.000E+00  1.000E+02
  1.692E-03  1.695E-03  0.000E+00  1.000E+02
  1.695E-03  1.698E-03  0.000E+00  1.000E+02
  1.698E-03  1.701E-03  0.000E+00  1.000E+02
  1.701E-03  1.704E-03  0.000E+00  1.000E+02
  1.704E-03  1.707E-03  0.000E+00  1.000E+02
  1.707E-03  1.710E-03  0.000E+00  1.000E+02
  1.710E-03  1.713E-03  0.000E+00  1.000E+02
  1.713E-03  1.716E-03  0.000E+00  1.000E+02
  1.716E-03  1.719E-03  0.000E+00  1.000E+02
  1.719E-03  1.722E-03  0.000E+00  1.000E+02
  1.722E-03  1.725E-03  0.000E+00  1.000E+02
  1.725E-03  1.728E-03  0.000E+00  1.000E+02
  1.728E-03  1.731E-03  0.000E+00  1.000E+02
  1.731E-03  1.734E-03  0.000E+00  1.000E+02
  1.734E-03  1.737E-03  0.000E+00  1.000E+02
  1.737E-03  1.740E-03  0.000E+00  1.000E+02
  1.740E-03  1.743E-03  0.000E+00  1.000E+02
  1.743E-03  1.746E-03  0.000E+00  1.000E+02
  1.746E-03  1.749E-03  0.000E+00  1.000E+02
  1.749E-03  1.752E-03  0.000E+00  1.000E+02
  1.752E-03  1.755E-03  0.000E+00  1.000E+02
  1.755E-03  1.758E-03  0.000E+00  1.000E+02
  1.758E-03  1.761E-03  0.000E+00  1.000E+02
  1.761E-03  1.764E-03  0.000E+00  1.000E+02
  1.764E-03  1.767E-03  0.000E+00  1.000E+02
  1.767E-03  1.770E-03  0.000E+00  1.000E+02
  1.770E-03  1.773E-03  0.000E+00  1.000E+02
  1.773E-03  1.776E-03  0.000E+00  1.000E+02
  1.776E-03  1.779E-03  0.000E+00  1.000E+02
  1.779E-03  1.782E-03  0.000E+00  1.000E+02
  1.782E-03  1.785E-03  0.000E+00  1.000E+02
  1.785E-03  1.788E-03  0.000E+00  1.000E+02
  1.788E-03  1.791E-03  0.000E+00  1.000E+02
  1.791E-03  1.794E-03  0.000E+00  1.000E+02
  1.794E-03  1.797E-03  0.000E+00  1.000E+02
  1.797E-03  1.800E-03  0.000E+00  1.000E+02
  1.800E-03  1.803E-03  0.000E+00  1.000E+02
  1.803E-03  1.806E-03  0.000E+00  1.000E+02
  1.806E-03  1.809E-03  0.000E+00  1.000E+02
  1.809E-03  1.812E-03  0.000E+00  1.000E+02
  1.812E-03  1.815E-03  0.000E+00  1.000E+02
  1.815E-03  1.818E-03  0.000E+00  1.000E+02
  1.818E-03  1.821E-03  1.429E-09  1.000E+02
  1.821E-03  1.824E-03  0.000E+00  1.000E+02
  1.824E-03  1.827E-03  0.000E+00  1.000E+02
  1.827E-03  1.830E-03  1.429E-09  1.000E+02
  1.830E-03  1.833E-03  0.000E+00  1.000E+02
  1.833E-03  1.836E-03  0.000E+00  1.000E+02
  1.836E-03  1.839E-03  0.000E+00  1.000E+02
  1.839E-03  1.842E-03  0.000E+00  1.000E+02
  1.842E-03  1.845E-03  0.000E+00  1.000E+02
  1.845E-03  1.848E-03  0.000E+00  1.000E+02
  1.848E-03  1.851E-03  0.000E+00  1.000E+02
  1.851E-03  1.854E-03  0.000E+00  1.000E+02
  1.854E-03  1.857E-03  0.000E+00  1.000E+02
  1.857E-03  1.860E-03  0.000E+00  1.000E+02
  1.860E-03  1.863E-03  0.000E+00  1.000E+02
  1.863E-03  1.866E-03  0.000E+00  1.000E+02
  1.866E-03  1.869E-03  0.000E+00  1.000E+02
  1.869E-03  1.872E-03  0.000E+00  1.000E+02
  1.872E-03  1.875E-03  0.000E+00  1.000E+02
  1.875E-03  1.878E-03  0.000E+00  1.000E+02
  1.878E-03  1.881E-03  0.000E+00  1.000E+02
  1.881E-03  1.884E-03  0.000E+00  1.000E+02
  1.884E-03  1.887E-03  0.000E+00  1.000E+02
  1.887E-03  1.890E-03  0.000E+00  1.000E+02
  1.890E-03  1.893E-03  0.000E+00  1.000E+02
  1.893E-03  1.896E-03  0.000E+00  1.000E+02
  1.896E-03  1.899E-03  0.000E+00  1.000E+02
  1.899E-03  1.902E-03  0.000E+00  1.000E+02
  1.902E-03  1.905E-03  0.000E+00  1.000E+02
  1.905E-03  1.908E-03  0.000E+00  1.000E+02
  1.908E-03  1.911E-03  0.000E+00  1.000E+02
  1.911E-03  1.914E-03  0.000E+00  1.000E+02
  1.914E-03  1.917E-03  0.000E+00  1.000E+02
  1.917E-03  1.920E-03  0.000E+00  1.000E+02
  1.920E-03  1.923E-03  0.000E+00  1.000E+02
  1.923E-03  1.926E-03  0.000E+00  1.000E+02
  1.926E-03  1.929E-03  0.000E+00  1.000E+02
  1.929E-03  1.932E-03  0.000E+00  1.000E+02
  1.932E-03  1.935E-03  0.000E+00  1.000E+02
  1.935E-03  1.938E-03  0.000E+00  1.000E+02
  1.938E-03  1.941E-03  0.000E+00  1.000E+02
  1.941E-03  1.944E-03  0.000E+00  1.000E+02
  1.944E-03  1.947E-03  0.000E+00  1.000E+02
  1.947E-03  1.950E-03  0.000E+00  1.000E+02
  1.950E-03  1.953E-03  0.000E+00  1.000E+02
  1.953E-03  1.956E-03  0.000E+00  1.000E+02
  1.956E-03  1.959E-03  0.000E+00  1.000E+02
  1.959E-03  1.962E-03  0.000E+00  1.000E+02
  1.962E-03  1.965E-03  0.000E+00  1.000E+02
  1.965E-03  1.968E-03  0.000E+00  1.000E+02
  1.968E-03  1.971E-03  0.000E+00  1.000E+02
  1.971E-03  1.974E-03  0.000E+00  1.000E+02
  1.974E-03  1.977E-03  0.000E+00  1.000E+02
  1.977E-03  1.980E-03  0.000E+00  1.000E+02
  1.980E-03  1.983E-03  0.000E+00  1.000E+02
  1.983E-03  1.986E-03  0.000E+00  1.000E+02
  1.986E-03  1.989E-03  0.000E+00  1.000E+02
  1.989E-03  1.992E-03  0.000E+00  1.000E+02
  1.992E-03  1.995E-03  0.000E+00  1.000E+02
  1.995E-03  1.998E-03  0.000E+00  1.000E+02
  1.998E-03  2.001E-03  0.000E+00  1.000E+02
  2.001E-03  2.004E-03  0.000E+00  1.000E+02
  2.004E-03  2.007E-03  0.000E+00  1.000E+02
  2.007E-03  2.010E-03  0.000E+00  1.000E+02
  2.010E-03  2.013E-03  0.000E+00  1.000E+02
  2.013E-03  2.016E-03  0.000E+00  1.000E+02
  2.016E-03  2.019E-03  0.000E+00  1.000E+02
  2.019E-03  2.022E-03  0.000E+00  1.000E+02
  2.022E-03  2.025E-03  0.000E+00  1.000E+02
  2.025E-03  2.028E-03  0.000E+00  1.000E+02
  2.028E-03  2.031E-03  0.000E+00  1.000E+02
  2.031E-03  2.034E-03  0.000E+00  1.000E+02
  2.034E-03  2.037E-03  0.000E+00  1.000E+02
  2.037E-03  2.040E-03  0.000E+00  1.000E+02
  2.040E-03  2.043E-03  0.000E+00  1.000E+02
  2.043E-03  2.046E-03  0.000E+00  1.000E+02
  2.046E-03  2.049E-03  0.000E+00  1.000E+02
  2.049E-03  2.052E-03  0.000E+00  1.000E+02
  2.052E-03  2.055E-03  0.000E+00  1.000E+02
  2.055E-03  2.058E-03  0.000E+00  1.000E+02
  2.058E-03  2.061E-03  0.000E+00  1.000E+02
  2.061E-03  2.064E-03  0.000E+00  1.000E+02
  2.064E-03  2.067E-03  0.000E+00  1.000E+02
  2.067E-03  2.070E-03  0.000E+00  1.000E+02
  2.070E-03  2.073E-03  0.000E+00  1.000E+02
  2.073E-03  2.076E-03  0.000E+00  1.000E+02
  2.076E-03  2.079E-03  0.000E+00  1.000E+02
  2.079E-03  2.082E-03  0.000E+00  1.000E+02
  2.082E-03  2.085E-03  0.000E+00  1.000E+02
  2.085E-03  2.088E-03  0.000E+00  1.000E+02
  2.088E-03  2.091E-03  0.000E+00  1.000E+02
  2.091E-03  2.094E-03  0.000E+00  1.000E+02
  2.094E-03  2.097E-03  0.000E+00  1.000E+02
  2.097E-03  2.100E-03  0.000E+00  1.000E+02
  2.100E-03  2.103E-03  0.000E+00  1.000E+02
  2.103E-03  2.106E-03  0.000E+00  1.000E+02
  2.106E-03  2.109E-03  0.000E+00  1.000E+02
  2.109E-03  2.112E-03  0.000E+00  1.000E+02
  2.112E-03  2.115E-03  0.000E+00  1.000E+02
  2.115E-03  2.118E-03  0.000E+00  1.000E+02
  2.118E-03  2.121E-03  0.000E+00  1.000E+02
  2.121E-03  2.124E-03  0.000E+00  1.000E+02
  2.124E-03  2.127E-03  0.000E+00  1.000E+02
  2.127E-03  2.130E-03  0.000E+00  1.000E+02
  2.130E-03  2.133E-03  0.000E+00  1.000E+02
  2.133E-03  2.136E-03  0.000E+00  1.000E+02
  2.136E-03  2.139E-03  0.000E+00  1.000E+02
  2.139E-03  2.142E-03  0.000E+00  1.000E+02
  2.142E-03  2.145E-03  0.000E+00  1.000E+02
  2.145E-03  2.148E-03  0.000E+00  1.000E+02
  2.148E-03  2.151E-03  0.000E+00  1.000E+02
  2.151E-03  2.154E-03  0.000E+00  1.000E+02
  2.154E-03  2.157E-03  0.000E+00  1.000E+02
  2.157E-03  2.160E-03  0.000E+00  1.000E+02
  2.160E-03  2.163E-03  0.000E+00  1.000E+02
  2.163E-03  2.166E-03  0.000E+00  1.000E+02
  2.166E-03  2.169E-03  0.000E+00  1.000E+02
  2.169E-03  2.172E-03  0.000E+00  1.000E+02
  2.172E-03  2.175E-03  0.000E+00  1.000E+02
  2.175E-03  2.178E-03  0.000E+00  1.000E+02
  2.178E-03  2.181E-03  0.000E+00  1.000E+02
  2.181E-03  2.184E-03  0.000E+00  1.000E+02
  2.184E-03  2.187E-03  0.000E+00  1.000E+02
  2.187E-03  2.190E-03  0.000E+00  1.000E+02
  2.190E-03  2.193E-03  0.000E+00  1.000E+02
  2.193E-03  2.196E-03  0.000E+00  1.000E+02
  2.196E-03  2.199E-03  0.000E+00  1.000E+02
  2.199E-03  2.202E-03  0.000E+00  1.000E+02
  2.202E-03  2.205E-03  0.000E+00  1.000E+02
  2.205E-03  2.208E-03  0.000E+00  1.000E+02
  2.208E-03  2.211E-03  0.000E+00  1.000E+02
  2.211E-03  2.214E-03  0.000E+00  1.000E+02
  2.214E-03  2.217E-03  0.000E+00  1.000E+02
  2.217E-03  2.220E-03  0.000E+00  1.000E+02
  2.220E-03  2.223E-03  0.000E+00  1.000E+02
  2.223E-03  2.226E-03  0.000E+00  1.000E+02
  2.226E-03  2.229E-03  0.000E+00  1.000E+02
  2.229E-03  2.232E-03  0.000E+00  1.000E+02
  2.232E-03  2.235E-03  0.000E+00  1.000E+02
  2.235E-03  2.238E-03  0.000E+00  1.000E+02
  2.238E-03  2.241E-03  0.000E+00  1.000E+02
  2.241E-03  2.244E-03  0.000E+00  1.000E+02
  2.244E-03  2.247E-03  0.000E+00  1.000E+02
  2.247E-03  2.250E-03  0.000E+00  1.000E+02
  2.250E-03  2.253E-03  0.000E+00  1.000E+02
  2.253E-03  2.256E-03  0.000E+00  1.000E+02
  2.256E-03  2.259E-03  0.000E+00  1.000E+02
  2.259E-03  2.262E-03  0.000E+00  1.000E+02
  2.262E-03  2.265E-03  0.000E+00  1.000E+02
  2.265E-03  2.268E-03  0.000E+00  1.000E+02
  2.268E-03  2.271E-03  0.000E+00  1.000E+02
  2.271E-03  2.274E-03  0.000E+00  1.000E+02
  2.274E-03  2.277E-03  0.000E+00  1.000E+02
  2.277E-03  2.280E-03  0.000E+00  1.000E+02
  2.280E-03  2.283E-03  0.000E+00  1.000E+02
  2.283E-03  2.286E-03  0.000E+00  1.000E+02
  2.286E-03  2.289E-03  0.000E+00  1.000E+02
  2.289E-03  2.292E-03  0.000E+00  1.000E+02
  2.292E-03  2.295E-03  0.000E+00  1.000E+02
  2.295E-03  2.298E-03  0.000E+00  1.000E+02
  2.298E-03  2.301E-03  0.000E+00  1.000E+02
  2.301E-03  2.304E-03  0.000E+00  1.000E+02
  2.304E-03  2.307E-03  0.000E+00  1.000E+02
  2.307E-03  2.310E-03  0.000E+00  1.000E+02
  2.310E-03  2.313E-03  0.000E+00  1.000E+02
  2.313E-03  2.316E-03  0.000E+00  1.000E+02
  2.316E-03  2.319E-03  0.000E+00  1.000E+02
  2.319E-03  2.322E-03  0.000E+00  1.000E+02
  2.322E-03  2.325E-03  0.000E+00  1.000E+02
  2.325E-03  2.328E-03  0.000E+00  1.000E+02
  2.328E-03  2.331E-03  0.000E+00  1.000E+02
  2.331E-03  2.334E-03  0.000E+00  1.000E+02
  2.334E-03  2.337E-03  0.000E+00  1.000E+02
  2.337E-03  2.340E-03  0.000E+00  1.000E+02
  2.340E-03  2.343E-03  0.000E+00  1.000E+02
  2.343E-03  2.346E-03  0.000E+00  1.000E+02
  2.346E-03  2.349E-03  0.000E+00  1.000E+02
  2.349E-03  2.352E-03  0.000E+00  1.000E+02
  2.352E-03  2.355E-03  0.000E+00  1.000E+02
  2.355E-03  2.358E-03  0.000E+00  1.000E+02
  2.358E-03  2.361E-03  0.000E+00  1.000E+02
  2.361E-03  2.364E-03  0.000E+00  1.000E+02
  2.364E-03  2.367E-03  0.000E+00  1.000E+02
  2.367E-03  2.370E-03  0.000E+00  1.000E+02
  2.370E-03  2.373E-03  0.000E+00  1.000E+02
  2.373E-03  2.376E-03  0.000E+00  1.000E+02
  2.376E-03  2.379E-03  0.000E+00  1.000E+02
  2.379E-03  2.382E-03  0.000E+00  1.000E+02
  2.382E-03  2.385E-03  0.000E+00  1.000E+02
  2.385E-03  2.388E-03  0.000E+00  1.000E+02
  2.388E-03  2.391E-03  0.000E+00  1.000E+02
  2.391E-03  2.394E-03  0.000E+00  1.000E+02
  2.394E-03  2.397E-03  0.000E+00  1.000E+02
  2.397E-03  2.400E-03  0.000E+00  1.000E+02
  2.400E-03  2.403E-03  0.000E+00  1.000E+02
  2.403E-03  2.406E-03  0.000E+00  1.000E+02
  2.406E-03  2.409E-03  0.000E+00  1.000E+02
  2.409E-03  2.412E-03  0.000E+00  1.000E+02
  2.412E-03  2.415E-03  0.000E+00  1.000E+02
  2.415E-03  2.418E-03  0.000E+00  1.000E+02
  2.418E-03  2.421E-03  0.000E+00  1.000E+02
  2.421E-03  2.424E-03  0.000E+00  1.000E+02
  2.424E-03  2.427E-03  0.000E+00  1.000E+02
  2.427E-03  2.430E-03  0.000E+00  1.000E+02
  2.430E-03  2.433E-03  0.000E+00  1.000E+02
  2.433E-03  2.436E-03  0.000E+00  1.000E+02
  2.436E-03  2.439E-03  0.000E+00  1.000E+02
  2.439E-03  2.442E-03  0.000E+00  1.000E+02
  2.442E-03  2.445E-03  0.000E+00  1.000E+02
  2.445E-03  2.448E-03  0.000E+00  1.000E+02
  2.448E-03  2.451E-03  0.000E+00  1.000E+02
  2.451E-03  2.454E-03  0.000E+00  1.000E+02
  2.454E-03  2.457E-03  0.000E+00  1.000E+02
  2.457E-03  2.460E-03  0.000E+00  1.000E+02
  2.460E-03  2.463E-03  0.000E+00  1.000E+02
  2.463E-03  2.466E-03  0.000E+00  1.000E+02
  2.466E-03  2.469E-03  0.000E+00  1.000E+02
  2.469E-03  2.472E-03  0.000E+00  1.000E+02
  2.472E-03  2.475E-03  0.000E+00  1.000E+02
  2.475E-03  2.478E-03  0.000E+00  1.000E+02
  2.478E-03  2.481E-03  0.000E+00  1.000E+02
  2.481E-03  2.484E-03  0.000E+00  1.000E+02
  2.484E-03  2.487E-03  0.000E+00  1.000E+02
  2.487E-03  2.490E-03  0.000E+00  1.000E+02
  2.490E-03  2.493E-03  0.000E+00  1.000E+02
  2.493E-03  2.496E-03  0.000E+00  1.000E+02
  2.496E-03  2.499E-03  0.000E+00  1.000E+02
  2.499E-03  2.502E-03  0.000E+00  1.000E+02
  2.502E-03  2.505E-03  0.000E+00  1.000E+02
  2.505E-03  2.508E-03  0.000E+00  1.000E+02
  2.508E-03  2.511E-03  0.000E+00  1.000E+02
  2.511E-03  2.514E-03  0.000E+00  1.000E+02
  2.514E-03  2.517E-03  0.000E+00  1.000E+02
  2.517E-03  2.520E-03  0.000E+00  1.000E+02
  2.520E-03  2.523E-03  0.000E+00  1.000E+02
  2.523E-03  2.526E-03  0.000E+00  1.000E+02
  2.526E-03  2.529E-03  0.000E+00  1.000E+02
  2.529E-03  2.532E-03  0.000E+00  1.000E+02
  2.532E-03  2.535E-03  0.000E+00  1.000E+02
  2.535E-03  2.538E-03  0.000E+00  1.000E+02
  2.538E-03  2.541E-03  0.000E+00  1.000E+02
  2.541E-03  2.544E-03  0.000E+00  1.000E+02
  2.544E-03  2.547E-03  0.000E+00  1.000E+02
  2.547E-03  2.550E-03  0.000E+00  1.000E+02
  2.550E-03  2.553E-03  0.000E+00  1.000E+02
  2.553E-03  2.556E-03  0.000E+00  1.000E+02
  2.556E-03  2.559E-03  0.000E+00  1.000E+02
  2.559E-03  2.562E-03  0.000E+00  1.000E+02
  2.562E-03  2.565E-03  0.000E+00  1.000E+02
  2.565E-03  2.568E-03  0.000E+00  1.000E+02
  2.568E-03  2.571E-03  0.000E+00  1.000E+02
  2.571E-03  2.574E-03  0.000E+00  1.000E+02
  2.574E-03  2.577E-03  0.000E+00  1.000E+02
  2.577E-03  2.580E-03  0.000E+00  1.000E+02
  2.580E-03  2.583E-03  0.000E+00  1.000E+02
  2.583E-03  2.586E-03  0.000E+00  1.000E+02
  2.586E-03  2.589E-03  0.000E+00  1.000E+02
  2.589E-03  2.592E-03  0.000E+00  1.000E+02
  2.592E-03  2.595E-03  0.000E+00  1.000E+02
  2.595E-03  2.598E-03  0.000E+00  1.000E+02
  2.598E-03  2.601E-03  0.000E+00  1.000E+02
  2.601E-03  2.604E-03  0.000E+00  1.000E+02
  2.604E-03  2.607E-03  0.000E+00  1.000E+02
  2.607E-03  2.610E-03  0.000E+00  1.000E+02
  2.610E-03  2.613E-03  0.000E+00  1.000E+02
  2.613E-03  2.616E-03  0.000E+00  1.000E+02
  2.616E-03  2.619E-03  0.000E+00  1.000E+02
  2.619E-03  2.622E-03  0.000E+00  1.000E+02
  2.622E-03  2.625E-03  0.000E+00  1.000E+02
  2.625E-03  2.628E-03  0.000E+00  1.000E+02
  2.628E-03  2.631E-03  0.000E+00  1.000E+02
  2.631E-03  2.634E-03  0.000E+00  1.000E+02
  2.634E-03  2.637E-03  0.000E+00  1.000E+02
  2.637E-03  2.640E-03  0.000E+00  1.000E+02
  2.640E-03  2.643E-03  0.000E+00  1.000E+02
  2.643E-03  2.646E-03  0.000E+00  1.000E+02
  2.646E-03  2.649E-03  0.000E+00  1.000E+02
  2.649E-03  2.652E-03  0.000E+00  1.000E+02
  2.652E-03  2.655E-03  0.000E+00  1.000E+02
  2.655E-03  2.658E-03  0.000E+00  1.000E+02
  2.658E-03  2.661E-03  0.000E+00  1.000E+02
  2.661E-03  2.664E-03  0.000E+00  1.000E+02
  2.664E-03  2.667E-03  0.000E+00  1.000E+02
  2.667E-03  2.670E-03  0.000E+00  1.000E+02
  2.670E-03  2.673E-03  0.000E+00  1.000E+02
  2.673E-03  2.676E-03  0.000E+00  1.000E+02
  2.676E-03  2.679E-03  0.000E+00  1.000E+02
  2.679E-03  2.682E-03  0.000E+00  1.000E+02
  2.682E-03  2.685E-03  0.000E+00  1.000E+02
  2.685E-03  2.688E-03  0.000E+00  1.000E+02
  2.688E-03  2.691E-03  0.000E+00  1.000E+02
  2.691E-03  2.694E-03  0.000E+00  1.000E+02
  2.694E-03  2.697E-03  0.000E+00  1.000E+02
  2.697E-03  2.700E-03  0.000E+00  1.000E+02
  2.700E-03  2.703E-03  0.000E+00  1.000E+02
  2.703E-03  2.706E-03  0.000E+00  1.000E+02
  2.706E-03  2.709E-03  0.000E+00  1.000E+02
  2.709E-03  2.712E-03  0.000E+00  1.000E+02
  2.712E-03  2.715E-03  0.000E+00  1.000E+02
  2.715E-03  2.718E-03  0.000E+00  1.000E+02
  2.718E-03  2.721E-03  0.000E+00  1.000E+02
  2.721E-03  2.724E-03  0.000E+00  1.000E+02
  2.724E-03  2.727E-03  0.000E+00  1.000E+02
  2.727E-03  2.730E-03  0.000E+00  1.000E+02
  2.730E-03  2.733E-03  0.000E+00  1.000E+02
  2.733E-03  2.736E-03  0.000E+00  1.000E+02
  2.736E-03  2.739E-03  0.000E+00  1.000E+02
  2.739E-03  2.742E-03  0.000E+00  1.000E+02
  2.742E-03  2.745E-03  0.000E+00  1.000E+02
  2.745E-03  2.748E-03  0.000E+00  1.000E+02
  2.748E-03  2.751E-03  0.000E+00  1.000E+02
  2.751E-03  2.754E-03  0.000E+00  1.000E+02
  2.754E-03  2.757E-03  0.000E+00  1.000E+02
  2.757E-03  2.760E-03  0.000E+00  1.000E+02
  2.760E-03  2.763E-03  0.000E+00  1.000E+02
  2.763E-03  2.766E-03  0.000E+00  1.000E+02
  2.766E-03  2.769E-03  0.000E+00  1.000E+02
  2.769E-03  2.772E-03  0.000E+00  1.000E+02
  2.772E-03  2.775E-03  0.000E+00  1.000E+02
  2.775E-03  2.778E-03  0.000E+00  1.000E+02
  2.778E-03  2.781E-03  0.000E+00  1.000E+02
  2.781E-03  2.784E-03  0.000E+00  1.000E+02
  2.784E-03  2.787E-03  0.000E+00  1.000E+02
  2.787E-03  2.790E-03  0.000E+00  1.000E+02
  2.790E-03  2.793E-03  0.000E+00  1.000E+02
  2.793E-03  2.796E-03  0.000E+00  1.000E+02
  2.796E-03  2.799E-03  0.000E+00  1.000E+02
  2.799E-03  2.802E-03  0.000E+00  1.000E+02
  2.802E-03  2.805E-03  0.000E+00  1.000E+02
  2.805E-03  2.808E-03  0.000E+00  1.000E+02
  2.808E-03  2.811E-03  0.000E+00  1.000E+02
  2.811E-03  2.814E-03  0.000E+00  1.000E+02
  2.814E-03  2.817E-03  0.000E+00  1.000E+02
  2.817E-03  2.820E-03  0.000E+00  1.000E+02
  2.820E-03  2.823E-03  0.000E+00  1.000E+02
  2.823E-03  2.826E-03  0.000E+00  1.000E+02
  2.826E-03  2.829E-03  0.000E+00  1.000E+02
  2.829E-03  2.832E-03  0.000E+00  1.000E+02
  2.832E-03  2.835E-03  0.000E+00  1.000E+02
  2.835E-03  2.838E-03  0.000E+00  1.000E+02
  2.838E-03  2.841E-03  0.000E+00  1.000E+02
  2.841E-03  2.844E-03  0.000E+00  1.000E+02
  2.844E-03  2.847E-03  0.000E+00  1.000E+02
  2.847E-03  2.850E-03  0.000E+00  1.000E+02
  2.850E-03  2.853E-03  0.000E+00  1.000E+02
  2.853E-03  2.856E-03  0.000E+00  1.000E+02
  2.856E-03  2.859E-03  0.000E+00  1.000E+02
  2.859E-03  2.862E-03  0.000E+00  1.000E+02
  2.862E-03  2.865E-03  0.000E+00  1.000E+02
  2.865E-03  2.868E-03  0.000E+00  1.000E+02
  2.868E-03  2.871E-03  0.000E+00  1.000E+02
  2.871E-03  2.874E-03  0.000E+00  1.000E+02
  2.874E-03  2.877E-03  0.000E+00  1.000E+02
  2.877E-03  2.880E-03  0.000E+00  1.000E+02
  2.880E-03  2.883E-03  0.000E+00  1.000E+02
  2.883E-03  2.886E-03  0.000E+00  1.000E+02
  2.886E-03  2.889E-03  0.000E+00  1.000E+02
  2.889E-03  2.892E-03  0.000E+00  1.000E+02
  2.892E-03  2.895E-03  0.000E+00  1.000E+02
  2.895E-03  2.898E-03  0.000E+00  1.000E+02
  2.898E-03  2.901E-03  0.000E+00  1.000E+02
  2.901E-03  2.904E-03  0.000E+00  1.000E+02
  2.904E-03  2.907E-03  0.000E+00  1.000E+02
  2.907E-03  2.910E-03  0.000E+00  1.000E+02
  2.910E-03  2.913E-03  0.000E+00  1.000E+02
  2.913E-03  2.916E-03  0.000E+00  1.000E+02
  2.916E-03  2.919E-03  0.000E+00  1.000E+02
  2.919E-03  2.922E-03  0.000E+00  1.000E+02
  2.922E-03  2.925E-03  0.000E+00  1.000E+02
  2.925E-03  2.928E-03  0.000E+00  1.000E+02
  2.928E-03  2.931E-03  0.000E+00  1.000E+02
  2.931E-03  2.934E-03  0.000E+00  1.000E+02
  2.934E-03  2.937E-03  0.000E+00  1.000E+02
  2.937E-03  2.940E-03  0.000E+00  1.000E+02
  2.940E-03  2.943E-03  0.000E+00  1.000E+02
  2.943E-03  2.946E-03  0.000E+00  1.000E+02
  2.946E-03  2.949E-03  0.000E+00  1.000E+02
  2.949E-03  2.952E-03  0.000E+00  1.000E+02
  2.952E-03  2.955E-03  0.000E+00  1.000E+02
  2.955E-03  2.958E-03  0.000E+00  1.000E+02
  2.958E-03  2.961E-03  0.000E+00  1.000E+02
  2.961E-03  2.964E-03  0.000E+00  1.000E+02
  2.964E-03  2.967E-03  0.000E+00  1.000E+02
  2.967E-03  2.970E-03  0.000E+00  1.000E+02
  2.970E-03  2.973E-03  0.000E+00  1.000E+02
  2.973E-03  2.976E-03  0.000E+00  1.000E+02
  2.976E-03  2.979E-03  0.000E+00  1.000E+02
  2.979E-03  2.982E-03  0.000E+00  1.000E+02
  2.982E-03  2.985E-03  0.000E+00  1.000E+02
  2.985E-03  2.988E-03  0.000E+00  1.000E+02
  2.988E-03  2.991E-03  0.000E+00  1.000E+02
  2.991E-03  2.994E-03  0.000E+00  1.000E+02
  2.994E-03  2.997E-03  0.000E+00  1.000E+02
  2.997E-03  3.000E-03  0.000E+00  1.000E+02
  3.000E-03  3.003E-03  0.000E+00  1.000E+02
  3.003E-03  3.006E-03  0.000E+00  1.000E+02
  3.006E-03  3.009E-03  0.000E+00  1.000E+02
  3.009E-03  3.012E-03  0.000E+00  1.000E+02
  3.012E-03  3.015E-03  0.000E+00  1.000E+02
  3.015E-03  3.018E-03  0.000E+00  1.000E+02
  3.018E-03  3.021E-03  0.000E+00  1.000E+02
  3.021E-03  3.024E-03  0.000E+00  1.000E+02
  3.024E-03  3.027E-03  0.000E+00  1.000E+02
  3.027E-03  3.030E-03  0.000E+00  1.000E+02
  3.030E-03  3.033E-03  0.000E+00  1.000E+02
  3.033E-03  3.036E-03  0.000E+00  1.000E+02
  3.036E-03  3.039E-03  0.000E+00  1.000E+02
  3.039E-03  3.042E-03  0.000E+00  1.000E+02
  3.042E-03  3.045E-03  0.000E+00  1.000E+02
  3.045E-03  3.048E-03  0.000E+00  1.000E+02
  3.048E-03  3.051E-03  0.000E+00  1.000E+02
  3.051E-03  3.054E-03  0.000E+00  1.000E+02
  3.054E-03  3.057E-03  0.000E+00  1.000E+02
  3.057E-03  3.060E-03  0.000E+00  1.000E+02
  3.060E-03  3.063E-03  0.000E+00  1.000E+02
  3.063E-03  3.066E-03  0.000E+00  1.000E+02
  3.066E-03  3.069E-03  0.000E+00  1.000E+02
  3.069E-03  3.072E-03  0.000E+00  1.000E+02
